[debug] [2026-04-25T12:48:44.664Z] ----------------------------------------------------------------------
[debug] [2026-04-25T12:48:44.669Z] Command:       C:\Program Files\nodejs\node.exe C:\Users\Arun kumar\AppData\Roaming\npm\node_modules\firebase-tools\lib\bin\firebase.js deploy --only hosting
[debug] [2026-04-25T12:48:44.669Z] CLI Version:   15.15.0
[debug] [2026-04-25T12:48:44.669Z] Platform:      win32
[debug] [2026-04-25T12:48:44.669Z] Node Version:  v24.14.0
[debug] [2026-04-25T12:48:44.670Z] Time:          Sat Apr 25 2026 18:18:44 GMT+0530 (India Standard Time)
[debug] [2026-04-25T12:48:44.670Z] ----------------------------------------------------------------------
[debug] 
[debug] [2026-04-25T12:48:46.810Z] > command requires scopes: ["email","openid","https://www.googleapis.com/auth/cloudplatformprojects.readonly","https://www.googleapis.com/auth/firebase","https://www.googleapis.com/auth/cloud-platform"]
[debug] [2026-04-25T12:48:46.810Z] > authorizing via signed-in user (arunprajapat629@gmail.com)
[debug] [2026-04-25T12:48:46.810Z] [iam] checking project onway-bd6e4 for permissions ["firebase.projects.get","firebasehosting.sites.update"]
[debug] [2026-04-25T12:48:46.812Z] Checked if tokens are valid: true, expires at: 1777124194050
[debug] [2026-04-25T12:48:46.812Z] Checked if tokens are valid: true, expires at: 1777124194050
[debug] [2026-04-25T12:48:46.814Z] >>> [apiv2][query] POST https://cloudresourcemanager.googleapis.com/v1/projects/onway-bd6e4:testIamPermissions [none]
[debug] [2026-04-25T12:48:46.814Z] >>> [apiv2][(partial)header] POST https://cloudresourcemanager.googleapis.com/v1/projects/onway-bd6e4:testIamPermissions  x-goog-user-project=onway-bd6e4
[debug] [2026-04-25T12:48:46.814Z] >>> [apiv2][body] POST https://cloudresourcemanager.googleapis.com/v1/projects/onway-bd6e4:testIamPermissions {"permissions":["firebase.projects.get","firebasehosting.sites.update"]}
[debug] [2026-04-25T12:48:48.615Z] <<< [apiv2][status] POST https://cloudresourcemanager.googleapis.com/v1/projects/onway-bd6e4:testIamPermissions 400
[debug] [2026-04-25T12:48:48.615Z] <<< [apiv2][body] POST https://cloudresourcemanager.googleapis.com/v1/projects/onway-bd6e4:testIamPermissions {"error":{"code":400,"message":"Project 'projects/onway-bd6e4' not found or deleted.","status":"INVALID_ARGUMENT","details":[{"@type":"type.googleapis.com/google.rpc.ErrorInfo","reason":"USER_PROJECT_DENIED","domain":"googleapis.com","metadata":{"consumer":"projects/onway-bd6e4","service":"cloudresourcemanager.googleapis.com","containerInfo":"projects/onway-bd6e4"}}]}}
[debug] [2026-04-25T12:48:48.616Z] [iam] error while checking permissions, command may fail: Request to https://cloudresourcemanager.googleapis.com/v1/projects/onway-bd6e4:testIamPermissions had HTTP Error: 400, Project 'projects/onway-bd6e4' not found or deleted.
[debug] [2026-04-25T12:48:48.617Z] Checked if tokens are valid: true, expires at: 1777124194050
[debug] [2026-04-25T12:48:48.617Z] Checked if tokens are valid: true, expires at: 1777124194050
[debug] [2026-04-25T12:48:48.617Z] >>> [apiv2][query] GET https://firebase.googleapis.com/v1beta1/projects/onway-bd6e4 [none]
[debug] [2026-04-25T12:48:49.679Z] <<< [apiv2][status] GET https://firebase.googleapis.com/v1beta1/projects/onway-bd6e4 403
[debug] [2026-04-25T12:48:49.679Z] <<< [apiv2][body] GET https://firebase.googleapis.com/v1beta1/projects/onway-bd6e4 {"error":{"code":403,"message":"The caller does not have permission","status":"PERMISSION_DENIED"}}
[debug] [2026-04-25T12:48:49.680Z] Request to https://firebase.googleapis.com/v1beta1/projects/onway-bd6e4 had HTTP Error: 403, The caller does not have permission
[debug] [2026-04-25T12:48:49.681Z] FirebaseError: Request to https://firebase.googleapis.com/v1beta1/projects/onway-bd6e4 had HTTP Error: 403, The caller does not have permission
    at responseToError (C:\Users\Arun kumar\AppData\Roaming\npm\node_modules\firebase-tools\lib\responseToError.js:53:12)
    at RetryOperation._fn (C:\Users\Arun kumar\AppData\Roaming\npm\node_modules\firebase-tools\lib\apiv2.js:333:77)
    at process.processTicksAndRejections (node:internal/process/task_queues:104:5)
[error] 
[error] Error: Failed to get Firebase project onway-bd6e4. Please make sure the project exists and your account has permission to access it.
